{
  "RSpec": {
    "coverage": {
      "/Users/joejiang/Desktop/shopify_challenge/app/helpers/application_helper.rb": {
        "lines": [
          1,
          null
        ]
      },
      "/Users/joejiang/Desktop/shopify_challenge/app/helpers/images_helper.rb": {
        "lines": [
          1,
          null
        ]
      },
      "/Users/joejiang/Desktop/shopify_challenge/app/helpers/search_helper.rb": {
        "lines": [
          1,
          null
        ]
      },
      "/Users/joejiang/Desktop/shopify_challenge/app/controllers/welcome_controller.rb": {
        "lines": [
          1,
          1,
          null,
          null
        ]
      },
      "/Users/joejiang/Desktop/shopify_challenge/app/controllers/application_controller.rb": {
        "lines": [
          1,
          null
        ]
      },
      "/Users/joejiang/Desktop/shopify_challenge/app/mailers/application_mailer.rb": {
        "lines": [
          0,
          0,
          0,
          0
        ],
        "branches": {
        }
      },
      "/Users/joejiang/Desktop/shopify_challenge/app/models/image.rb": {
        "lines": [
          0,
          null,
          null,
          null,
          null,
          null,
          null,
          null,
          null,
          0
        ],
        "branches": {
        }
      },
      "/Users/joejiang/Desktop/shopify_challenge/app/models/application_record.rb": {
        "lines": [
          0,
          0,
          0
        ],
        "branches": {
        }
      },
      "/Users/joejiang/Desktop/shopify_challenge/app/models/user.rb": {
        "lines": [
          0,
          0
        ],
        "branches": {
        }
      },
      "/Users/joejiang/Desktop/shopify_challenge/app/controllers/images_controller.rb": {
        "lines": [
          0,
          0,
          null,
          null,
          0,
          0,
          0,
          null,
          null,
          0,
          0,
          null,
          null,
          0,
          0,
          0,
          null,
          null,
          0,
          0,
          null,
          null,
          0,
          0,
          null,
          0,
          0,
          0,
          0,
          0,
          0,
          0,
          0,
          0,
          0,
          null,
          null,
          0,
          0,
          0,
          0,
          0,
          0,
          0,
          0,
          0,
          0,
          0,
          null,
          null,
          0,
          0,
          0,
          0,
          0,
          0,
          0,
          null,
          0,
          null,
          0,
          0,
          0,
          null,
          null,
          0,
          0,
          0,
          0
        ],
        "branches": {
        }
      }
    },
    "timestamp": 1631318202
  }
}
